app/build/intermediates/manifest_merge_blame_file/debug/processDebugMainManifest/manifest-merger-blame-debug-report.txt
1<?xml version="1.0" encoding="utf-8"?>
2<manifest xmlns:android="http://schemas.android.com/apk/res/android"
3    package="com.example.threevchat"
4    android:versionCode="1"
5    android:versionName="1.0.0" >
6
7    <uses-sdk
8        android:minSdkVersion="24"
9        android:targetSdkVersion="35" />
10
11    <uses-permission android:name="android.permission.INTERNET" />
11-->src/main/AndroidManifest.xml:5:5-67
11-->src/main/AndroidManifest.xml:5:22-64
12    <uses-permission android:name="android.permission.CAMERA" />
12-->src/main/AndroidManifest.xml:6:5-65
12-->src/main/AndroidManifest.xml:6:22-62
13    <uses-permission android:name="android.permission.RECORD_AUDIO" />
13-->src/main/AndroidManifest.xml:7:5-71
13-->src/main/AndroidManifest.xml:7:22-68
14    <uses-permission android:name="android.permission.MODIFY_AUDIO_SETTINGS" />
14-->src/main/AndroidManifest.xml:8:5-80
14-->src/main/AndroidManifest.xml:8:22-77
15    <uses-permission android:name="android.permission.BLUETOOTH" />
15-->src/main/AndroidManifest.xml:9:5-68
15-->src/main/AndroidManifest.xml:9:22-65
16    <uses-permission android:name="android.permission.BLUETOOTH_ADMIN" />
16-->src/main/AndroidManifest.xml:10:5-74
16-->src/main/AndroidManifest.xml:10:22-71
17    <uses-permission android:name="android.permission.BLUETOOTH_CONNECT" />
17-->src/main/AndroidManifest.xml:11:5-76
17-->src/main/AndroidManifest.xml:11:22-73
18
19    <!-- XXX ACCESS_NETWORK_STATE is required by WebRTC. -->
20    <uses-permission android:name="android.permission.ACCESS_NETWORK_STATE" />
20-->[org.jitsi.react:jitsi-meet-sdk:8.6.0] AndroidManifest.xml:10:5-79
20-->[org.jitsi.react:jitsi-meet-sdk:8.6.0] AndroidManifest.xml:10:22-76
21    <uses-permission android:name="android.permission.MANAGE_OWN_CALLS" />
21-->[org.jitsi.react:jitsi-meet-sdk:8.6.0] AndroidManifest.xml:14:5-75
21-->[org.jitsi.react:jitsi-meet-sdk:8.6.0] AndroidManifest.xml:14:22-72
22    <uses-permission android:name="android.permission.WAKE_LOCK" />
22-->[org.jitsi.react:jitsi-meet-sdk:8.6.0] AndroidManifest.xml:17:5-68
22-->[org.jitsi.react:jitsi-meet-sdk:8.6.0] AndroidManifest.xml:17:22-65
23    <uses-permission android:name="android.permission.ACCESS_WIFI_STATE" />
23-->[org.jitsi.react:jitsi-meet-sdk:8.6.0] AndroidManifest.xml:18:5-76
23-->[org.jitsi.react:jitsi-meet-sdk:8.6.0] AndroidManifest.xml:18:22-73
24    <uses-permission android:name="android.permission.FOREGROUND_SERVICE" />
24-->[org.jitsi.react:jitsi-meet-sdk:8.6.0] AndroidManifest.xml:19:5-77
24-->[org.jitsi.react:jitsi-meet-sdk:8.6.0] AndroidManifest.xml:19:22-74
25
26    <uses-feature
26-->[org.jitsi.react:jitsi-meet-sdk:8.6.0] AndroidManifest.xml:21:5-23:35
27        android:glEsVersion="0x00020000"
27-->[org.jitsi.react:jitsi-meet-sdk:8.6.0] AndroidManifest.xml:22:9-41
28        android:required="true" />
28-->[org.jitsi.react:jitsi-meet-sdk:8.6.0] AndroidManifest.xml:23:9-32
29    <uses-feature
29-->[org.jitsi.react:jitsi-meet-sdk:8.6.0] AndroidManifest.xml:24:5-26:36
30        android:name="android.hardware.camera"
30-->[org.jitsi.react:jitsi-meet-sdk:8.6.0] AndroidManifest.xml:25:9-47
31        android:required="false" />
31-->[org.jitsi.react:jitsi-meet-sdk:8.6.0] AndroidManifest.xml:26:9-33
32    <uses-feature
32-->[org.jitsi.react:jitsi-meet-sdk:8.6.0] AndroidManifest.xml:27:5-29:36
33        android:name="android.hardware.camera.autofocus"
33-->[org.jitsi.react:jitsi-meet-sdk:8.6.0] AndroidManifest.xml:28:9-57
34        android:required="false" />
34-->[org.jitsi.react:jitsi-meet-sdk:8.6.0] AndroidManifest.xml:29:9-33
35
36    <uses-permission android:name="android.permission.WRITE_CALENDAR" />
36-->[com.facebook.react:react-native-calendar-events:2.2.0-jitsi-15392112] AndroidManifest.xml:9:5-73
36-->[com.facebook.react:react-native-calendar-events:2.2.0-jitsi-15392112] AndroidManifest.xml:9:22-70
37    <uses-permission android:name="android.permission.READ_CALENDAR" />
37-->[com.facebook.react:react-native-calendar-events:2.2.0-jitsi-15392112] AndroidManifest.xml:10:5-72
37-->[com.facebook.react:react-native-calendar-events:2.2.0-jitsi-15392112] AndroidManifest.xml:10:22-69
38    <uses-permission android:name="android.permission.POST_NOTIFICATIONS" /> <!-- Required by older versions of Google Play services to create IID tokens -->
38-->[com.google.firebase:firebase-messaging:24.0.1] AndroidManifest.xml:23:5-77
38-->[com.google.firebase:firebase-messaging:24.0.1] AndroidManifest.xml:23:22-74
39    <uses-permission android:name="com.google.android.c2dm.permission.RECEIVE" />
39-->[com.google.firebase:firebase-messaging:24.0.1] AndroidManifest.xml:26:5-82
39-->[com.google.firebase:firebase-messaging:24.0.1] AndroidManifest.xml:26:22-79
40    <uses-permission android:name="com.google.android.gms.permission.AD_ID" />
40-->[com.google.android.gms:play-services-measurement-api:22.1.0] AndroidManifest.xml:25:5-79
40-->[com.google.android.gms:play-services-measurement-api:22.1.0] AndroidManifest.xml:25:22-76
41    <uses-permission android:name="android.permission.ACCESS_ADSERVICES_ATTRIBUTION" />
41-->[com.google.android.gms:play-services-measurement-api:22.1.0] AndroidManifest.xml:26:5-88
41-->[com.google.android.gms:play-services-measurement-api:22.1.0] AndroidManifest.xml:26:22-85
42    <uses-permission android:name="android.permission.ACCESS_ADSERVICES_AD_ID" />
42-->[com.google.android.gms:play-services-measurement-api:22.1.0] AndroidManifest.xml:27:5-82
42-->[com.google.android.gms:play-services-measurement-api:22.1.0] AndroidManifest.xml:27:22-79
43    <uses-permission android:name="com.google.android.providers.gsf.permission.READ_GSERVICES" />
43-->[com.google.android.recaptcha:recaptcha:18.4.0] AndroidManifest.xml:9:5-98
43-->[com.google.android.recaptcha:recaptcha:18.4.0] AndroidManifest.xml:9:22-95
44    <uses-permission android:name="com.google.android.finsky.permission.BIND_GET_INSTALL_REFERRER_SERVICE" />
44-->[com.google.android.gms:play-services-measurement:22.1.0] AndroidManifest.xml:26:5-110
44-->[com.google.android.gms:play-services-measurement:22.1.0] AndroidManifest.xml:26:22-107
45
46    <permission
46-->[androidx.core:core:1.13.1] AndroidManifest.xml:22:5-24:47
47        android:name="com.example.threevchat.DYNAMIC_RECEIVER_NOT_EXPORTED_PERMISSION"
47-->[androidx.core:core:1.13.1] AndroidManifest.xml:23:9-81
48        android:protectionLevel="signature" />
48-->[androidx.core:core:1.13.1] AndroidManifest.xml:24:9-44
49
50    <uses-permission android:name="com.example.threevchat.DYNAMIC_RECEIVER_NOT_EXPORTED_PERMISSION" />
50-->[androidx.core:core:1.13.1] AndroidManifest.xml:26:5-97
50-->[androidx.core:core:1.13.1] AndroidManifest.xml:26:22-94
51
52    <application
52-->src/main/AndroidManifest.xml:13:5-59:19
53        android:name="com.example.p2pvideojitsi.P2PApp"
53-->src/main/AndroidManifest.xml:14:5-27
54        android:allowBackup="true"
54-->src/main/AndroidManifest.xml:15:5-31
55        android:appComponentFactory="androidx.core.app.CoreComponentFactory"
55-->[androidx.core:core:1.13.1] AndroidManifest.xml:28:18-86
56        android:debuggable="true"
57        android:extractNativeLibs="false"
58        android:icon="@android:drawable/sym_def_app_icon"
58-->src/main/AndroidManifest.xml:17:5-54
59        android:label="P2P Video"
59-->src/main/AndroidManifest.xml:16:5-30
60        android:roundIcon="@android:drawable/sym_def_app_icon"
60-->src/main/AndroidManifest.xml:18:5-59
61        android:supportsRtl="true"
61-->src/main/AndroidManifest.xml:19:5-31
62        android:theme="@style/Theme.P2PVideo" >
62-->src/main/AndroidManifest.xml:20:5-42
63        <activity
63-->src/main/AndroidManifest.xml:23:9-58:20
64            android:name="com.example.p2pvideojitsi.MainActivity"
64-->src/main/AndroidManifest.xml:24:13-41
65            android:exported="true" >
65-->src/main/AndroidManifest.xml:25:13-36
66            <intent-filter>
66-->src/main/AndroidManifest.xml:26:13-29:29
67                <action android:name="android.intent.action.MAIN" />
67-->src/main/AndroidManifest.xml:27:17-69
67-->src/main/AndroidManifest.xml:27:25-66
68
69                <category android:name="android.intent.category.LAUNCHER" />
69-->src/main/AndroidManifest.xml:28:17-77
69-->src/main/AndroidManifest.xml:28:27-74
70            </intent-filter>
71
72            <!-- Deep link / external call initiation -->
73            <intent-filter>
73-->src/main/AndroidManifest.xml:32:13-38:29
74                <action android:name="android.intent.action.VIEW" />
74-->src/main/AndroidManifest.xml:33:17-69
74-->src/main/AndroidManifest.xml:33:25-66
75
76                <category android:name="android.intent.category.DEFAULT" />
76-->src/main/AndroidManifest.xml:34:17-76
76-->src/main/AndroidManifest.xml:34:27-73
77                <category android:name="android.intent.category.BROWSABLE" />
77-->src/main/AndroidManifest.xml:35:17-78
77-->src/main/AndroidManifest.xml:35:27-75
78                <!-- Custom scheme, e.g., p2pvideo://call/{id} -->
79                <data
79-->src/main/AndroidManifest.xml:37:17-71
80                    android:host="call"
80-->src/main/AndroidManifest.xml:37:49-68
81                    android:scheme="p2pvideo" />
81-->src/main/AndroidManifest.xml:37:23-48
82            </intent-filter>
83
84            <!-- Content style that Google Messages could trigger: content://com.example.threevchat/call/{id} -->
85            <intent-filter>
85-->src/main/AndroidManifest.xml:41:13-49:29
86                <action android:name="android.intent.action.VIEW" />
86-->src/main/AndroidManifest.xml:33:17-69
86-->src/main/AndroidManifest.xml:33:25-66
87
88                <category android:name="android.intent.category.DEFAULT" />
88-->src/main/AndroidManifest.xml:34:17-76
88-->src/main/AndroidManifest.xml:34:27-73
89                <category android:name="android.intent.category.BROWSABLE" />
89-->src/main/AndroidManifest.xml:35:17-78
89-->src/main/AndroidManifest.xml:35:27-75
90
91                <data
91-->src/main/AndroidManifest.xml:37:17-71
92                    android:host="com.example.threevchat"
92-->src/main/AndroidManifest.xml:37:49-68
93                    android:pathPattern="/call/.*"
93-->src/main/AndroidManifest.xml:48:21-51
94                    android:scheme="content" />
94-->src/main/AndroidManifest.xml:37:23-48
95            </intent-filter>
96
97            <!-- Tel scheme from Messages: tel:+15551234567 -->
98            <intent-filter>
98-->src/main/AndroidManifest.xml:52:13-57:29
99                <action android:name="android.intent.action.VIEW" />
99-->src/main/AndroidManifest.xml:33:17-69
99-->src/main/AndroidManifest.xml:33:25-66
100
101                <category android:name="android.intent.category.DEFAULT" />
101-->src/main/AndroidManifest.xml:34:17-76
101-->src/main/AndroidManifest.xml:34:27-73
102                <category android:name="android.intent.category.BROWSABLE" />
102-->src/main/AndroidManifest.xml:35:17-78
102-->src/main/AndroidManifest.xml:35:27-75
103
104                <data android:scheme="tel" />
104-->src/main/AndroidManifest.xml:37:17-71
104-->src/main/AndroidManifest.xml:37:23-48
105            </intent-filter>
106        </activity>
107        <activity
107-->[org.jitsi.react:jitsi-meet-sdk:8.6.0] AndroidManifest.xml:35:9-42:58
108            android:name="org.jitsi.meet.sdk.JitsiMeetActivity"
108-->[org.jitsi.react:jitsi-meet-sdk:8.6.0] AndroidManifest.xml:36:13-64
109            android:configChanges="keyboard|keyboardHidden|orientation|screenLayout|screenSize|smallestScreenSize|uiMode"
109-->[org.jitsi.react:jitsi-meet-sdk:8.6.0] AndroidManifest.xml:37:13-122
110            android:launchMode="singleTask"
110-->[org.jitsi.react:jitsi-meet-sdk:8.6.0] AndroidManifest.xml:38:13-44
111            android:resizeableActivity="true"
111-->[org.jitsi.react:jitsi-meet-sdk:8.6.0] AndroidManifest.xml:39:13-46
112            android:supportsPictureInPicture="true"
112-->[org.jitsi.react:jitsi-meet-sdk:8.6.0] AndroidManifest.xml:40:13-52
113            android:theme="@style/JitsiMeetActivityStyle"
113-->[org.jitsi.react:jitsi-meet-sdk:8.6.0] AndroidManifest.xml:41:13-58
114            android:windowSoftInputMode="adjustResize" />
114-->[org.jitsi.react:jitsi-meet-sdk:8.6.0] AndroidManifest.xml:42:13-55
115
116        <service
116-->[org.jitsi.react:jitsi-meet-sdk:8.6.0] AndroidManifest.xml:44:9-51:19
117            android:name="org.jitsi.meet.sdk.ConnectionService"
117-->[org.jitsi.react:jitsi-meet-sdk:8.6.0] AndroidManifest.xml:45:13-64
118            android:exported="true"
118-->[org.jitsi.react:jitsi-meet-sdk:8.6.0] AndroidManifest.xml:46:13-36
119            android:permission="android.permission.BIND_TELECOM_CONNECTION_SERVICE" >
119-->[org.jitsi.react:jitsi-meet-sdk:8.6.0] AndroidManifest.xml:47:13-84
120            <intent-filter>
120-->[org.jitsi.react:jitsi-meet-sdk:8.6.0] AndroidManifest.xml:48:13-50:29
121                <action android:name="android.telecom.ConnectionService" />
121-->[org.jitsi.react:jitsi-meet-sdk:8.6.0] AndroidManifest.xml:49:17-76
121-->[org.jitsi.react:jitsi-meet-sdk:8.6.0] AndroidManifest.xml:49:25-73
122            </intent-filter>
123        </service>
124        <service
124-->[org.jitsi.react:jitsi-meet-sdk:8.6.0] AndroidManifest.xml:52:9-54:63
125            android:name="org.jitsi.meet.sdk.JitsiMeetOngoingConferenceService"
125-->[org.jitsi.react:jitsi-meet-sdk:8.6.0] AndroidManifest.xml:53:13-80
126            android:foregroundServiceType="mediaProjection" />
126-->[org.jitsi.react:jitsi-meet-sdk:8.6.0] AndroidManifest.xml:54:13-60
127
128        <provider
128-->[org.jitsi.react:jitsi-meet-sdk:8.6.0] AndroidManifest.xml:56:9-61:20
129            android:name="com.reactnativecommunity.webview.RNCWebViewFileProvider"
129-->[org.jitsi.react:jitsi-meet-sdk:8.6.0] AndroidManifest.xml:57:13-83
130            android:authorities="com.example.threevchat.fileprovider"
130-->[org.jitsi.react:jitsi-meet-sdk:8.6.0] AndroidManifest.xml:58:13-64
131            android:enabled="false"
131-->[org.jitsi.react:jitsi-meet-sdk:8.6.0] AndroidManifest.xml:59:13-36
132            android:exported="false"
132-->[com.facebook.react:react-native-webview:13.5.1-jitsi-15392112] AndroidManifest.xml:13:13-37
133            android:grantUriPermissions="true" >
133-->[com.facebook.react:react-native-webview:13.5.1-jitsi-15392112] AndroidManifest.xml:14:13-47
134            <meta-data
134-->[com.facebook.react:react-native-webview:13.5.1-jitsi-15392112] AndroidManifest.xml:15:13-17:63
135                android:name="android.support.FILE_PROVIDER_PATHS"
135-->[com.facebook.react:react-native-webview:13.5.1-jitsi-15392112] AndroidManifest.xml:16:17-67
136                android:resource="@xml/file_provider_paths" />
136-->[com.facebook.react:react-native-webview:13.5.1-jitsi-15392112] AndroidManifest.xml:17:17-60
137        </provider>
138        <provider
138-->[org.jitsi.react:jitsi-meet-sdk:8.6.0] AndroidManifest.xml:62:9-69:20
139            android:name="androidx.startup.InitializationProvider"
139-->[org.jitsi.react:jitsi-meet-sdk:8.6.0] AndroidManifest.xml:63:13-67
140            android:authorities="com.example.threevchat.androidx-startup"
140-->[org.jitsi.react:jitsi-meet-sdk:8.6.0] AndroidManifest.xml:64:13-68
141            android:exported="false" >
141-->[org.jitsi.react:jitsi-meet-sdk:8.6.0] AndroidManifest.xml:65:13-37
142            <meta-data
142-->[org.jitsi.react:jitsi-meet-sdk:8.6.0] AndroidManifest.xml:66:13-68:52
143                android:name="org.jitsi.meet.sdk.JitsiInitializer"
143-->[org.jitsi.react:jitsi-meet-sdk:8.6.0] AndroidManifest.xml:67:17-67
144                android:value="androidx.startup" />
144-->[org.jitsi.react:jitsi-meet-sdk:8.6.0] AndroidManifest.xml:68:17-49
145            <meta-data
145-->[androidx.emoji2:emoji2:1.3.0] AndroidManifest.xml:29:13-31:52
146                android:name="androidx.emoji2.text.EmojiCompatInitializer"
146-->[androidx.emoji2:emoji2:1.3.0] AndroidManifest.xml:30:17-75
147                android:value="androidx.startup" />
147-->[androidx.emoji2:emoji2:1.3.0] AndroidManifest.xml:31:17-49
148            <meta-data
148-->[androidx.lifecycle:lifecycle-process:2.8.6] AndroidManifest.xml:29:13-31:52
149                android:name="androidx.lifecycle.ProcessLifecycleInitializer"
149-->[androidx.lifecycle:lifecycle-process:2.8.6] AndroidManifest.xml:30:17-78
150                android:value="androidx.startup" />
150-->[androidx.lifecycle:lifecycle-process:2.8.6] AndroidManifest.xml:31:17-49
151            <meta-data
151-->[androidx.profileinstaller:profileinstaller:1.3.1] AndroidManifest.xml:29:13-31:52
152                android:name="androidx.profileinstaller.ProfileInstallerInitializer"
152-->[androidx.profileinstaller:profileinstaller:1.3.1] AndroidManifest.xml:30:17-85
153                android:value="androidx.startup" />
153-->[androidx.profileinstaller:profileinstaller:1.3.1] AndroidManifest.xml:31:17-49
154        </provider>
155        <provider
155-->[com.facebook.react:react-native-performance:5.0.0-jitsi-15392112] AndroidManifest.xml:10:9-14:39
156            android:name="com.oblador.performance.StartTimeProvider"
156-->[com.facebook.react:react-native-performance:5.0.0-jitsi-15392112] AndroidManifest.xml:11:13-69
157            android:authorities="com.example.threevchat.start.time.provider"
157-->[com.facebook.react:react-native-performance:5.0.0-jitsi-15392112] AndroidManifest.xml:12:13-71
158            android:exported="false"
158-->[com.facebook.react:react-native-performance:5.0.0-jitsi-15392112] AndroidManifest.xml:13:13-37
159            android:initOrder="200" />
159-->[com.facebook.react:react-native-performance:5.0.0-jitsi-15392112] AndroidManifest.xml:14:13-36
160
161        <uses-library
161-->[com.giphy.sdk:ui:2.3.4] AndroidManifest.xml:12:9-14:40
162            android:name="android.test.runner"
162-->[com.giphy.sdk:ui:2.3.4] AndroidManifest.xml:13:13-47
163            android:required="false" />
163-->[com.giphy.sdk:ui:2.3.4] AndroidManifest.xml:14:13-37
164        <uses-library
164-->[com.giphy.sdk:ui:2.3.4] AndroidManifest.xml:15:9-17:40
165            android:name="android.test.base"
165-->[com.giphy.sdk:ui:2.3.4] AndroidManifest.xml:16:13-45
166            android:required="false" />
166-->[com.giphy.sdk:ui:2.3.4] AndroidManifest.xml:17:13-37
167        <uses-library
167-->[com.giphy.sdk:ui:2.3.4] AndroidManifest.xml:18:9-20:40
168            android:name="android.test.mock"
168-->[com.giphy.sdk:ui:2.3.4] AndroidManifest.xml:19:13-45
169            android:required="false" />
169-->[com.giphy.sdk:ui:2.3.4] AndroidManifest.xml:20:13-37
170
171        <service
171-->[com.google.firebase:firebase-auth-ktx:23.0.0] AndroidManifest.xml:8:9-14:19
172            android:name="com.google.firebase.components.ComponentDiscoveryService"
172-->[com.google.firebase:firebase-auth-ktx:23.0.0] AndroidManifest.xml:9:13-84
173            android:directBootAware="true"
173-->[com.google.firebase:firebase-common:21.0.0] AndroidManifest.xml:32:13-43
174            android:exported="false" >
174-->[com.google.firebase:firebase-auth-ktx:23.0.0] AndroidManifest.xml:10:13-37
175            <meta-data
175-->[com.google.firebase:firebase-auth-ktx:23.0.0] AndroidManifest.xml:11:13-13:85
176                android:name="com.google.firebase.components:com.google.firebase.auth.ktx.FirebaseAuthLegacyRegistrar"
176-->[com.google.firebase:firebase-auth-ktx:23.0.0] AndroidManifest.xml:12:17-119
177                android:value="com.google.firebase.components.ComponentRegistrar" />
177-->[com.google.firebase:firebase-auth-ktx:23.0.0] AndroidManifest.xml:13:17-82
178            <meta-data
178-->[com.google.firebase:firebase-auth:23.0.0] AndroidManifest.xml:69:13-71:85
179                android:name="com.google.firebase.components:com.google.firebase.auth.FirebaseAuthRegistrar"
179-->[com.google.firebase:firebase-auth:23.0.0] AndroidManifest.xml:70:17-109
180                android:value="com.google.firebase.components.ComponentRegistrar" />
180-->[com.google.firebase:firebase-auth:23.0.0] AndroidManifest.xml:71:17-82
181            <meta-data
181-->[com.google.firebase:firebase-storage-ktx:21.0.0] AndroidManifest.xml:12:13-14:85
182                android:name="com.google.firebase.components:com.google.firebase.storage.ktx.FirebaseStorageLegacyRegistrar"
182-->[com.google.firebase:firebase-storage-ktx:21.0.0] AndroidManifest.xml:13:17-125
183                android:value="com.google.firebase.components.ComponentRegistrar" />
183-->[com.google.firebase:firebase-storage-ktx:21.0.0] AndroidManifest.xml:14:17-82
184            <meta-data
184-->[com.google.firebase:firebase-storage:21.0.0] AndroidManifest.xml:30:13-32:85
185                android:name="com.google.firebase.components:com.google.firebase.storage.FirebaseStorageKtxRegistrar"
185-->[com.google.firebase:firebase-storage:21.0.0] AndroidManifest.xml:31:17-118
186                android:value="com.google.firebase.components.ComponentRegistrar" />
186-->[com.google.firebase:firebase-storage:21.0.0] AndroidManifest.xml:32:17-82
187            <meta-data
187-->[com.google.firebase:firebase-storage:21.0.0] AndroidManifest.xml:33:13-35:85
188                android:name="com.google.firebase.components:com.google.firebase.storage.StorageRegistrar"
188-->[com.google.firebase:firebase-storage:21.0.0] AndroidManifest.xml:34:17-107
189                android:value="com.google.firebase.components.ComponentRegistrar" />
189-->[com.google.firebase:firebase-storage:21.0.0] AndroidManifest.xml:35:17-82
190            <meta-data
190-->[com.google.firebase:firebase-database-ktx:21.0.0] AndroidManifest.xml:12:13-14:85
191                android:name="com.google.firebase.components:com.google.firebase.database.ktx.FirebaseDatabaseLegacyRegistrar"
191-->[com.google.firebase:firebase-database-ktx:21.0.0] AndroidManifest.xml:13:17-127
192                android:value="com.google.firebase.components.ComponentRegistrar" />
192-->[com.google.firebase:firebase-database-ktx:21.0.0] AndroidManifest.xml:14:17-82
193            <meta-data
193-->[com.google.firebase:firebase-database:21.0.0] AndroidManifest.xml:29:13-31:85
194                android:name="com.google.firebase.components:com.google.firebase.database.FirebaseDatabaseKtxRegistrar"
194-->[com.google.firebase:firebase-database:21.0.0] AndroidManifest.xml:30:17-120
195                android:value="com.google.firebase.components.ComponentRegistrar" />
195-->[com.google.firebase:firebase-database:21.0.0] AndroidManifest.xml:31:17-82
196            <meta-data
196-->[com.google.firebase:firebase-database:21.0.0] AndroidManifest.xml:32:13-34:85
197                android:name="com.google.firebase.components:com.google.firebase.database.DatabaseRegistrar"
197-->[com.google.firebase:firebase-database:21.0.0] AndroidManifest.xml:33:17-109
198                android:value="com.google.firebase.components.ComponentRegistrar" />
198-->[com.google.firebase:firebase-database:21.0.0] AndroidManifest.xml:34:17-82
199            <meta-data
199-->[com.google.firebase:firebase-firestore-ktx:25.1.0] AndroidManifest.xml:12:13-14:85
200                android:name="com.google.firebase.components:com.google.firebase.firestore.ktx.FirebaseFirestoreLegacyRegistrar"
200-->[com.google.firebase:firebase-firestore-ktx:25.1.0] AndroidManifest.xml:13:17-129
201                android:value="com.google.firebase.components.ComponentRegistrar" />
201-->[com.google.firebase:firebase-firestore-ktx:25.1.0] AndroidManifest.xml:14:17-82
202            <meta-data
202-->[com.google.firebase:firebase-firestore:25.1.0] AndroidManifest.xml:17:13-19:85
203                android:name="com.google.firebase.components:com.google.firebase.firestore.FirebaseFirestoreKtxRegistrar"
203-->[com.google.firebase:firebase-firestore:25.1.0] AndroidManifest.xml:18:17-122
204                android:value="com.google.firebase.components.ComponentRegistrar" />
204-->[com.google.firebase:firebase-firestore:25.1.0] AndroidManifest.xml:19:17-82
205            <meta-data
205-->[com.google.firebase:firebase-firestore:25.1.0] AndroidManifest.xml:20:13-22:85
206                android:name="com.google.firebase.components:com.google.firebase.firestore.FirestoreRegistrar"
206-->[com.google.firebase:firebase-firestore:25.1.0] AndroidManifest.xml:21:17-111
207                android:value="com.google.firebase.components.ComponentRegistrar" />
207-->[com.google.firebase:firebase-firestore:25.1.0] AndroidManifest.xml:22:17-82
208            <meta-data
208-->[com.google.firebase:firebase-messaging-ktx:24.0.1] AndroidManifest.xml:26:13-28:85
209                android:name="com.google.firebase.components:com.google.firebase.messaging.ktx.FirebaseMessagingLegacyRegistrar"
209-->[com.google.firebase:firebase-messaging-ktx:24.0.1] AndroidManifest.xml:27:17-129
210                android:value="com.google.firebase.components.ComponentRegistrar" />
210-->[com.google.firebase:firebase-messaging-ktx:24.0.1] AndroidManifest.xml:28:17-82
211            <meta-data
211-->[com.google.firebase:firebase-messaging:24.0.1] AndroidManifest.xml:57:13-59:85
212                android:name="com.google.firebase.components:com.google.firebase.messaging.FirebaseMessagingKtxRegistrar"
212-->[com.google.firebase:firebase-messaging:24.0.1] AndroidManifest.xml:58:17-122
213                android:value="com.google.firebase.components.ComponentRegistrar" />
213-->[com.google.firebase:firebase-messaging:24.0.1] AndroidManifest.xml:59:17-82
214            <meta-data
214-->[com.google.firebase:firebase-messaging:24.0.1] AndroidManifest.xml:60:13-62:85
215                android:name="com.google.firebase.components:com.google.firebase.messaging.FirebaseMessagingRegistrar"
215-->[com.google.firebase:firebase-messaging:24.0.1] AndroidManifest.xml:61:17-119
216                android:value="com.google.firebase.components.ComponentRegistrar" />
216-->[com.google.firebase:firebase-messaging:24.0.1] AndroidManifest.xml:62:17-82
217            <meta-data
217-->[com.google.firebase:firebase-appcheck:18.0.0] AndroidManifest.xml:25:13-27:85
218                android:name="com.google.firebase.components:com.google.firebase.appcheck.FirebaseAppCheckKtxRegistrar"
218-->[com.google.firebase:firebase-appcheck:18.0.0] AndroidManifest.xml:26:17-120
219                android:value="com.google.firebase.components.ComponentRegistrar" />
219-->[com.google.firebase:firebase-appcheck:18.0.0] AndroidManifest.xml:27:17-82
220            <meta-data
220-->[com.google.firebase:firebase-appcheck:18.0.0] AndroidManifest.xml:28:13-30:85
221                android:name="com.google.firebase.components:com.google.firebase.appcheck.FirebaseAppCheckRegistrar"
221-->[com.google.firebase:firebase-appcheck:18.0.0] AndroidManifest.xml:29:17-117
222                android:value="com.google.firebase.components.ComponentRegistrar" />
222-->[com.google.firebase:firebase-appcheck:18.0.0] AndroidManifest.xml:30:17-82
223            <meta-data
223-->[com.google.firebase:firebase-config-ktx:22.0.0] AndroidManifest.xml:12:13-14:85
224                android:name="com.google.firebase.components:com.google.firebase.remoteconfig.ktx.FirebaseConfigLegacyRegistrar"
224-->[com.google.firebase:firebase-config-ktx:22.0.0] AndroidManifest.xml:13:17-129
225                android:value="com.google.firebase.components.ComponentRegistrar" />
225-->[com.google.firebase:firebase-config-ktx:22.0.0] AndroidManifest.xml:14:17-82
226            <meta-data
226-->[com.google.firebase:firebase-crashlytics-ktx:19.1.0] AndroidManifest.xml:24:13-26:85
227                android:name="com.google.firebase.components:com.google.firebase.crashlytics.ktx.FirebaseCrashlyticsKtxRegistrar"
227-->[com.google.firebase:firebase-crashlytics-ktx:19.1.0] AndroidManifest.xml:25:17-130
228                android:value="com.google.firebase.components.ComponentRegistrar" />
228-->[com.google.firebase:firebase-crashlytics-ktx:19.1.0] AndroidManifest.xml:26:17-82
229            <meta-data
229-->[com.google.firebase:firebase-analytics-ktx:22.1.0] AndroidManifest.xml:11:13-13:85
230                android:name="com.google.firebase.components:com.google.firebase.analytics.ktx.FirebaseAnalyticsLegacyRegistrar"
230-->[com.google.firebase:firebase-analytics-ktx:22.1.0] AndroidManifest.xml:12:17-129
231                android:value="com.google.firebase.components.ComponentRegistrar" />
231-->[com.google.firebase:firebase-analytics-ktx:22.1.0] AndroidManifest.xml:13:17-82
232            <meta-data
232-->[com.google.firebase:firebase-config:22.0.0] AndroidManifest.xml:29:13-31:85
233                android:name="com.google.firebase.components:com.google.firebase.remoteconfig.FirebaseRemoteConfigKtxRegistrar"
233-->[com.google.firebase:firebase-config:22.0.0] AndroidManifest.xml:30:17-128
234                android:value="com.google.firebase.components.ComponentRegistrar" />
234-->[com.google.firebase:firebase-config:22.0.0] AndroidManifest.xml:31:17-82
235            <meta-data
235-->[com.google.firebase:firebase-config:22.0.0] AndroidManifest.xml:32:13-34:85
236                android:name="com.google.firebase.components:com.google.firebase.remoteconfig.RemoteConfigRegistrar"
236-->[com.google.firebase:firebase-config:22.0.0] AndroidManifest.xml:33:17-117
237                android:value="com.google.firebase.components.ComponentRegistrar" />
237-->[com.google.firebase:firebase-config:22.0.0] AndroidManifest.xml:34:17-82
238            <meta-data
238-->[com.google.firebase:firebase-crashlytics:19.1.0] AndroidManifest.xml:15:13-17:85
239                android:name="com.google.firebase.components:com.google.firebase.crashlytics.FirebaseCrashlyticsKtxRegistrar"
239-->[com.google.firebase:firebase-crashlytics:19.1.0] AndroidManifest.xml:16:17-126
240                android:value="com.google.firebase.components.ComponentRegistrar" />
240-->[com.google.firebase:firebase-crashlytics:19.1.0] AndroidManifest.xml:17:17-82
241            <meta-data